<?xml version="1.0" encoding="UTF-8"?>
<testng-results ignored="0" total="1" passed="1" failed="0" skipped="0">
  <reporter-output>
  </reporter-output>
  <suite started-at="2024-02-21T21:08:07 CET" name="Default suite" finished-at="2024-02-21T21:08:13 CET" duration-ms="5952">
    <groups>
    </groups>
    <test started-at="2024-02-21T21:08:07 CET" name="Default test" finished-at="2024-02-21T21:08:13 CET" duration-ms="5952">
      <class name="com.testautomation.apitesting.tests.GetAPIRequest">
        <test-method signature="getallBookings()[pri:0, instance:com.testautomation.apitesting.tests.GetAPIRequest@2c1b194a]" started-at="2024-02-21T21:08:07 CET" name="getallBookings" finished-at="2024-02-21T21:08:13 CET" duration-ms="5832" status="PASS">
          <reporter-output>
          </reporter-output>
        </test-method> <!-- getallBookings -->
      </class> <!-- com.testautomation.apitesting.tests.GetAPIRequest -->
    </test> <!-- Default test -->
  </suite> <!-- Default suite -->
</testng-results>
