<?xml version="1.0" encoding="UTF-8"?>
<testng-results ignored="0" total="1" passed="1" failed="0" skipped="0">
  <reporter-output>
  </reporter-output>
  <suite started-at="2024-02-25T19:34:45 CET" name="Default suite" finished-at="2024-02-25T19:34:52 CET" duration-ms="6020">
    <groups>
    </groups>
    <test started-at="2024-02-25T19:34:45 CET" name="Default test" finished-at="2024-02-25T19:34:52 CET" duration-ms="6020">
      <class name="com.testautomation.apitesting.tests.PostAPIRequests">
        <test-method is-config="true" signature="beforeMethod()[pri:0, instance:com.testautomation.apitesting.tests.PostAPIRequests@290222c1]" started-at="2024-02-25T19:34:46 CET" name="beforeMethod" finished-at="2024-02-25T19:34:46 CET" duration-ms="622" status="PASS">
          <reporter-output>
          </reporter-output>
        </test-method> <!-- beforeMethod -->
        <test-method signature="createBooking()[pri:0, instance:com.testautomation.apitesting.tests.PostAPIRequests@290222c1]" started-at="2024-02-25T19:34:46 CET" name="createBooking" finished-at="2024-02-25T19:34:51 CET" duration-ms="5331" status="PASS">
          <reporter-output>
          </reporter-output>
        </test-method> <!-- createBooking -->
      </class> <!-- com.testautomation.apitesting.tests.PostAPIRequests -->
    </test> <!-- Default test -->
  </suite> <!-- Default suite -->
</testng-results>
